

/------------------------------------------------------------------------------------------------------------------------\
   BigWorld Release Client (compiled at 13:52:52 May  7 2014) starting on Fri May 23 18:44:37 2014

[XPM] preloader gui.Scaleform.locale
('[XPM] Error locating working directory: ', Exception('xpm.pyc is not found in the paths',))
[XPM]   fallback to the default path: res_mods/0.9.0/scripts/client/gui/mods
[XPM] Working dir: res_mods/0.9.0/scripts/client/gui/mods
=============================
Traceback (most recent call last):
  File "xpm/scaleform/locale/__init__.py", line 5, in <module>
  File "xpm/mods/__init__.py", line 36, in <module>
ImportError: No module named xpm
=============================
~~~Mod loader by S0me0ne~~~
--<<<MultiPack Edition>>>--
[NOTE] (scripts/client/post_processing/__init__.py, 275): The quality = 4 was selected.
[NOTE] (scripts/client/post_processing/__init__.py, 275): The quality = 3 was selected.
PostProcessing.Phases.fini()

\------------------------------------------------------------------------------------------------------------------------/



/------------------------------------------------------------------------------------------------------------------------\
   BigWorld Release Client (compiled at 13:52:52 May  7 2014) starting on Fri May 23 18:47:39 2014

[XPM] preloader gui.Scaleform.locale
('[XPM] Error locating working directory: ', Exception('xpm.pyc is not found in the paths',))
[XPM]   fallback to the default path: res_mods/0.9.0/scripts/client/gui/mods
[XPM] Working dir: res_mods/0.9.0/scripts/client/gui/mods
=============================
Traceback (most recent call last):
  File "xpm/scaleform/locale/__init__.py", line 5, in <module>
  File "xpm/mods/__init__.py", line 36, in <module>
ImportError: No module named xpm
=============================
~~~Mod loader by S0me0ne~~~
--<<<MultiPack Edition>>>--
[NOTE] (scripts/client/post_processing/__init__.py, 275): The quality = 4 was selected.
[NOTE] (scripts/client/post_processing/__init__.py, 275): The quality = 3 was selected.
PostProcessing.Phases.fini()

\------------------------------------------------------------------------------------------------------------------------/

